2023-11-16 09:38:30,201 [WARN] IP:2114 - I2C_Coeff_DF not found: check if there is a RefParameter without a condition.
2023-11-16 09:38:30,233 [WARN] IP:2114 - Analog_Filter not found: check if there is a RefParameter without a condition.
2023-11-16 09:38:30,234 [WARN] IP:2114 - I2C_Coeff_DF not found: check if there is a RefParameter without a condition.
2023-11-16 09:38:30,234 [WARN] IP:2114 - Analog_Filter not found: check if there is a RefParameter without a condition.
2023-11-16 09:38:30,376 [WARN] IP:2114 - I2C_Coeff_DF not found: check if there is a RefParameter without a condition.
2023-11-16 09:38:30,376 [WARN] IP:2114 - Analog_Filter not found: check if there is a RefParameter without a condition.
2023-11-16 09:38:30,377 [WARN] IP:2114 - I2C_Coeff_DF not found: check if there is a RefParameter without a condition.
2023-11-16 09:38:30,377 [WARN] IP:2114 - Analog_Filter not found: check if there is a RefParameter without a condition.
2023-11-16 09:38:59,101 [INFO] MainUpdater:2868 - connection check result : 10
2023-11-16 09:38:59,101 [INFO] MainUpdater:2868 - connection check result : 10
2023-11-16 09:38:59,278 [INFO] MicroXplorer:468 - Change Database Path : 
2023-11-16 09:38:59,278 [INFO] MicroXplorer:498 - Change Database Version : DB.6.0.92
2023-11-16 09:38:59,380 [WARN] ThirdParty:871 - waiting for thirdparty lock release [close project]
2023-11-16 09:38:59,380 [INFO] ThirdParty:873 - entering critical section [close project]
2023-11-16 09:38:59,380 [INFO] ThirdParty:883 - exiting critical section [close project]
2023-11-16 09:38:59,381 [INFO] PinOutPanel:1499 - setPackage(No Configuration,No Configuration)
2023-11-16 09:38:59,386 [INFO] UtilMem:75 - Begin LoadConfig() Used Memory: 403879768 Bytes (796917760)
2023-11-16 09:38:59,388 [INFO] MicroXplorer:468 - Change Database Path : 
2023-11-16 09:38:59,388 [INFO] MicroXplorer:498 - Change Database Version : DB.6.0.92
2023-11-16 09:38:59,388 [INFO] OpenFileManager:308 - Change cursor
2023-11-16 09:38:59,426 [INFO] RulesReader:64 - Compatibility file has been processed (293 Rules)
2023-11-16 09:38:59,453 [INFO] Mcu:1946 - Initializing MCU STM32F103C(8-B)Tx STM32F103C8Tx STM32F103C8T6
2023-11-16 09:39:01,165 [INFO] Context:659 - Trying to add GPIOservice into a context  which must be forbidden
2023-11-16 09:39:01,325 [WARN] ModelIntegratedComponent:63 - No mode defined for component null
2023-11-16 09:39:01,325 [WARN] ModelIntegratedComponent:63 - No mode defined for component null
2023-11-16 09:39:01,325 [WARN] ModelIntegratedComponent:63 - No mode defined for component null
2023-11-16 09:39:01,325 [WARN] ModelIntegratedComponent:63 - No mode defined for component null
2023-11-16 09:39:01,325 [WARN] ModelIntegratedComponent:63 - No mode defined for component null
2023-11-16 09:39:01,325 [WARN] ModelIntegratedComponent:63 - No mode defined for component null
2023-11-16 09:39:01,325 [WARN] ModelIntegratedComponent:63 - No mode defined for component null
2023-11-16 09:39:01,325 [WARN] ModelIntegratedComponent:63 - No mode defined for component null
2023-11-16 09:39:01,325 [WARN] ModelIntegratedComponent:63 - No mode defined for component null
2023-11-16 09:39:01,325 [WARN] ModelIntegratedComponent:63 - No mode defined for component null
2023-11-16 09:39:01,325 [WARN] ModelIntegratedComponent:63 - No mode defined for component null
2023-11-16 09:39:01,325 [WARN] ModelIntegratedComponent:63 - No mode defined for component null
2023-11-16 09:39:01,325 [WARN] ModelIntegratedComponent:63 - No mode defined for component null
2023-11-16 09:39:01,325 [WARN] ModelIntegratedComponent:63 - No mode defined for component null
2023-11-16 09:39:01,325 [WARN] ModelIntegratedComponent:63 - No mode defined for component null
2023-11-16 09:39:01,325 [WARN] ModelIntegratedComponent:63 - No mode defined for component null
2023-11-16 09:39:01,326 [WARN] ModelIntegratedComponent:63 - No mode defined for component null
2023-11-16 09:39:01,326 [WARN] ModelIntegratedComponent:63 - No mode defined for component null
2023-11-16 09:39:01,326 [WARN] ModelIntegratedComponent:63 - No mode defined for component null
2023-11-16 09:39:01,326 [WARN] ModelIntegratedComponent:63 - No mode defined for component null
2023-11-16 09:39:01,326 [WARN] ModelIntegratedComponent:63 - No mode defined for component null
2023-11-16 09:39:01,326 [WARN] ModelIntegratedComponent:63 - No mode defined for component null
2023-11-16 09:39:01,326 [WARN] ModelIntegratedComponent:63 - No mode defined for component null
2023-11-16 09:39:01,326 [WARN] ModelIntegratedComponent:63 - No mode defined for component null
2023-11-16 09:39:01,326 [WARN] ModelIntegratedComponent:63 - No mode defined for component null
2023-11-16 09:39:01,326 [WARN] ModelIntegratedComponent:63 - No mode defined for component null
2023-11-16 09:39:01,326 [WARN] ModelIntegratedComponent:63 - No mode defined for component null
2023-11-16 09:39:01,326 [WARN] ModelIntegratedComponent:63 - No mode defined for component null
2023-11-16 09:39:01,326 [WARN] ModelIntegratedComponent:63 - No mode defined for component null
2023-11-16 09:39:01,326 [WARN] ModelIntegratedComponent:63 - No mode defined for component null
2023-11-16 09:39:01,326 [WARN] ModelIntegratedComponent:63 - No mode defined for component null
2023-11-16 09:39:01,326 [WARN] ModelIntegratedComponent:63 - No mode defined for component null
2023-11-16 09:39:01,326 [WARN] ModelIntegratedComponent:63 - No mode defined for component null
2023-11-16 09:39:01,329 [INFO] RtosManager:555 - Registered RTOS mode: class=CMSIS, group=RTOS, mode=CMSIS_V1, owner=FREERTOS
2023-11-16 09:39:01,329 [INFO] RtosManager:555 - Registered RTOS mode: class=CMSIS, group=RTOS2, mode=CMSIS_V2, owner=FREERTOS
2023-11-16 09:39:01,329 [INFO] RtosManager:555 - Registered RTOS mode: class=RTOS, group=Core, mode=CMSIS_V1, owner=FREERTOS
2023-11-16 09:39:01,329 [INFO] RtosManager:555 - Registered RTOS mode: class=RTOS, group=Core, mode=CMSIS_V2, owner=FREERTOS
2023-11-16 09:39:01,329 [WARN] ModelIntegratedComponent:184 - Missing modes for component STMicroelectronics:FreeRTOS:0.0.1:STMicroelectronics:RTOS:FreeRTOS:Core:::10.2.0:
2023-11-16 09:39:01,332 [INFO] ThirdPartyModel:298 - Start build external matchings
2023-11-16 09:39:01,334 [INFO] ThirdPartyModel:316 - End build external matchings
2023-11-16 09:39:01,337 [WARN] IP:2114 - I2C_Coeff_DF not found: check if there is a RefParameter without a condition.
2023-11-16 09:39:01,337 [WARN] IP:2114 - Analog_Filter not found: check if there is a RefParameter without a condition.
2023-11-16 09:39:01,337 [INFO] ImportTextPane:194 - (OptionalMessage_ERROR) IP (RCC) : Invalid parameter (FamilyName)
2023-11-16 09:39:01,337 [INFO] ImportTextPane:194 - (OptionalMessage_ERROR) IP (RCC) : Parameter (MCOFreq_Value) has invalid value (72000000)
2023-11-16 09:39:01,337 [INFO] ImportTextPane:194 - (OptionalMessage_ERROR) IP (RCC) : Parameter (USBFreq_Value) has invalid value (72000000)
2023-11-16 09:39:01,565 [INFO] UtilMem:75 - End LoadConfig() Used Memory: 481262576 Bytes (796917760)
2023-11-16 09:39:01,605 [WARN] ThirdParty:833 - waiting for thirdparty lock release [change project]
2023-11-16 09:39:01,605 [INFO] ThirdParty:835 - entering critical section [change project]
2023-11-16 09:39:01,605 [INFO] ThirdParty:1030 - CMSIS Pack Vendor :STMicroelectronics X-CUBE-ISPU 1.1.0
2023-11-16 09:39:01,605 [INFO] ThirdParty:1030 - CMSIS Pack Vendor :STMicroelectronics USBPD 4.1
2023-11-16 09:39:01,605 [INFO] ThirdParty:1030 - CMSIS Pack Vendor :STMicroelectronics X-CUBE-DISPLAY 3.0.0
2023-11-16 09:39:01,605 [INFO] ThirdParty:1030 - CMSIS Pack Vendor :STMicroelectronics X-CUBE-GNSS1 6.0.0
2023-11-16 09:39:01,605 [INFO] ThirdParty:1030 - CMSIS Pack Vendor :STMicroelectronics USB_HOST 2.0.0
2023-11-16 09:39:01,606 [INFO] ThirdParty:1030 - CMSIS Pack Vendor :STMicroelectronics LIBJPEG 8.0.0
2023-11-16 09:39:01,606 [INFO] ThirdParty:1030 - CMSIS Pack Vendor :STMicroelectronics X-CUBE-BLE1 7.0.0
2023-11-16 09:39:01,606 [INFO] ThirdParty:1030 - CMSIS Pack Vendor :STMicroelectronics FP-ATR-SIGFOX1 3.2.0
2023-11-16 09:39:01,606 [INFO] ThirdParty:1030 - CMSIS Pack Vendor :STMicroelectronics USB_DEVICE 3.0.0
2023-11-16 09:39:01,606 [INFO] ThirdParty:1030 - CMSIS Pack Vendor :STMicroelectronics HAL Drivers 0.0.0
2023-11-16 09:39:01,606 [INFO] ThirdParty:1030 - CMSIS Pack Vendor :STMicroelectronics MBEDTLS 2.16.2
2023-11-16 09:39:01,606 [INFO] ThirdParty:1030 - CMSIS Pack Vendor :STMicroelectronics X-CUBE-FREERTOS 1.1.0
2023-11-16 09:39:01,606 [INFO] ThirdParty:1030 - CMSIS Pack Vendor :STMicroelectronics MBEDTLS 2.14.1
2023-11-16 09:39:01,606 [INFO] ThirdParty:1030 - CMSIS Pack Vendor :STMicroelectronics X-CUBE-ALS 1.0.1
2023-11-16 09:39:01,606 [INFO] ThirdParty:1030 - CMSIS Pack Vendor :STMicroelectronics USB_DEVICE 2.0.0
2023-11-16 09:39:01,606 [INFO] ThirdParty:1030 - CMSIS Pack Vendor :STMicroelectronics ThreadX 1.0.0
2023-11-16 09:39:01,606 [INFO] ThirdParty:1030 - CMSIS Pack Vendor :STMicroelectronics FP-SNS-MOTENV1 4.3.2
2023-11-16 09:39:01,606 [INFO] ThirdParty:1030 - CMSIS Pack Vendor :STMicroelectronics FreeRTOS 0.0.1
2023-11-16 09:39:01,607 [INFO] ThirdParty:1030 - CMSIS Pack Vendor :STMicroelectronics USB_DEVICE 1.0.0
2023-11-16 09:39:01,607 [INFO] ThirdParty:1030 - CMSIS Pack Vendor :STMicroelectronics X-CUBE-AI 8.1.0
2023-11-16 09:39:01,608 [INFO] ThirdParty:1030 - CMSIS Pack Vendor :STMicroelectronics X-CUBE-NFC4 3.0.0
2023-11-16 09:39:01,608 [INFO] ThirdParty:1030 - CMSIS Pack Vendor :STMicroelectronics STM32_WPAN 1.0.0
2023-11-16 09:39:01,608 [INFO] ThirdParty:1030 - CMSIS Pack Vendor :STMicroelectronics ThreadX 0.0.2
2023-11-16 09:39:01,608 [INFO] ThirdParty:1030 - CMSIS Pack Vendor :STMicroelectronics FP-ATR-ASTRA1 2.0.0
2023-11-16 09:39:01,608 [INFO] ThirdParty:1030 - CMSIS Pack Vendor :STMicroelectronics lwIP 2.0.3
2023-11-16 09:39:01,608 [INFO] ThirdParty:1030 - CMSIS Pack Vendor :STMicroelectronics lwIP 2.1.2
2023-11-16 09:39:01,608 [INFO] ThirdParty:1030 - CMSIS Pack Vendor :STMicroelectronics FP-SNS-FLIGHT1 5.0.2
2023-11-16 09:39:01,608 [INFO] ThirdParty:1030 - CMSIS Pack Vendor :STMicroelectronics X-CUBE-BLE2 3.3.0
2023-11-16 09:39:01,608 [INFO] ThirdParty:1030 - CMSIS Pack Vendor :STMicroelectronics USB_HOST 1.0.0
2023-11-16 09:39:01,608 [INFO] ThirdParty:1030 - CMSIS Pack Vendor :STMicroelectronics PDM2PCM 3.1.0
2023-11-16 09:39:01,608 [INFO] ThirdParty:1030 - CMSIS Pack Vendor :STMicroelectronics PDM2PCM 3.2.0
2023-11-16 09:39:01,608 [INFO] ThirdParty:1030 - CMSIS Pack Vendor :STMicroelectronics PDM2PCM 3.3.0
2023-11-16 09:39:01,609 [INFO] ThirdParty:841 - exiting critical section [change project]
2023-11-16 09:39:02,007 [INFO] PinOutPanel:1499 - setPackage(No Configuration,No Configuration)
2023-11-16 09:39:02,010 [INFO] PinOutPanel:1499 - setPackage(STM32F103C8Tx,LQFP48)
2023-11-16 09:39:02,407 [INFO] UtilMem:75 - Before build in PCC Used Memory: 299237880 Bytes (796917760)
2023-11-16 09:39:02,731 [INFO] UtilMem:75 - After build in PCC Used Memory: 340658680 Bytes (796917760)
2023-11-16 09:39:02,746 [INFO] IPUIPlugin:80 - create IPUIPlugin
2023-11-16 09:39:02,746 [INFO] IPUIPlugin:80 - create IPUIPlugin
2023-11-16 09:39:02,747 [INFO] IPUIPlugin:80 - create IPUIPlugin
2023-11-16 09:39:02,747 [INFO] IPUIPlugin:80 - create IPUIPlugin
2023-11-16 09:39:02,747 [INFO] IPUIPlugin:80 - create IPUIPlugin
2023-11-16 09:39:02,747 [INFO] IPUIPlugin:80 - create IPUIPlugin
2023-11-16 09:39:02,748 [INFO] IPUIPlugin:80 - create IPUIPlugin
2023-11-16 09:39:02,748 [INFO] IPUIPlugin:80 - create IPUIPlugin
2023-11-16 09:39:02,748 [INFO] IPUIPlugin:80 - create IPUIPlugin
2023-11-16 09:39:02,748 [INFO] IPUIPlugin:80 - create IPUIPlugin
2023-11-16 09:39:02,748 [INFO] IPUIPlugin:80 - create IPUIPlugin
2023-11-16 09:39:02,748 [INFO] IPUIPlugin:80 - create IPUIPlugin
2023-11-16 09:39:02,748 [INFO] IPUIPlugin:80 - create IPUIPlugin
2023-11-16 09:39:02,749 [INFO] IPUIPlugin:80 - create IPUIPlugin
2023-11-16 09:39:02,749 [INFO] IPUIPlugin:80 - create IPUIPlugin
2023-11-16 09:39:02,749 [INFO] IPUIPlugin:80 - create IPUIPlugin
2023-11-16 09:39:02,749 [INFO] IPUIPlugin:80 - create IPUIPlugin
2023-11-16 09:39:02,749 [INFO] IPUIPlugin:80 - create IPUIPlugin
2023-11-16 09:39:02,749 [INFO] IPUIPlugin:80 - create IPUIPlugin
2023-11-16 09:39:02,749 [INFO] IPUIPlugin:80 - create IPUIPlugin
2023-11-16 09:39:02,749 [INFO] IPUIPlugin:80 - create IPUIPlugin
2023-11-16 09:39:02,750 [INFO] IPUIPlugin:80 - create IPUIPlugin
2023-11-16 09:39:02,750 [INFO] IPUIPlugin:80 - create IPUIPlugin
2023-11-16 09:39:02,750 [INFO] IPUIPlugin:80 - create IPUIPlugin
2023-11-16 09:39:02,750 [INFO] IPUIPlugin:80 - create IPUIPlugin
2023-11-16 09:39:02,750 [INFO] IPUIPlugin:80 - create IPUIPlugin
2023-11-16 09:39:02,751 [INFO] IPUIPlugin:80 - create IPUIPlugin
2023-11-16 09:39:02,752 [WARN] IP:2114 - I2C_Coeff_DF not found: check if there is a RefParameter without a condition.
2023-11-16 09:39:02,752 [WARN] IP:2114 - Analog_Filter not found: check if there is a RefParameter without a condition.
2023-11-16 09:39:02,787 [INFO] CADModel:165 - CPN selected for project levelSTM32F103C8T6
2023-11-16 09:39:02,788 [INFO] CADModel:114 - Register for checkConnection events
2023-11-16 09:39:02,839 [INFO] OpenFileManager:328 - Restore cursor
2023-11-16 09:39:02,882 [WARN] IP:2114 - I2C_Coeff_DF not found: check if there is a RefParameter without a condition.
2023-11-16 09:39:02,882 [WARN] IP:2114 - Analog_Filter not found: check if there is a RefParameter without a condition.
2023-11-16 09:39:02,883 [WARN] IP:2114 - I2C_Coeff_DF not found: check if there is a RefParameter without a condition.
2023-11-16 09:39:02,883 [WARN] IP:2114 - Analog_Filter not found: check if there is a RefParameter without a condition.
2023-11-16 09:39:06,468 [WARN] IP:2114 - I2C_Coeff_DF not found: check if there is a RefParameter without a condition.
2023-11-16 09:39:06,468 [WARN] IP:2114 - Analog_Filter not found: check if there is a RefParameter without a condition.
2023-11-16 09:39:06,470 [WARN] IP:2114 - I2C_Coeff_DF not found: check if there is a RefParameter without a condition.
2023-11-16 09:39:06,470 [WARN] IP:2114 - Analog_Filter not found: check if there is a RefParameter without a condition.
2023-11-16 09:41:27,619 [WARN] IP:2114 - I2C_Coeff_DF not found: check if there is a RefParameter without a condition.
2023-11-16 09:41:27,619 [WARN] IP:2114 - Analog_Filter not found: check if there is a RefParameter without a condition.
2023-11-16 09:41:27,620 [WARN] IP:2114 - I2C_Coeff_DF not found: check if there is a RefParameter without a condition.
2023-11-16 09:41:27,620 [WARN] IP:2114 - Analog_Filter not found: check if there is a RefParameter without a condition.
2023-11-16 09:41:27,793 [WARN] IP:2114 - I2C_Coeff_DF not found: check if there is a RefParameter without a condition.
2023-11-16 09:41:27,793 [WARN] IP:2114 - Analog_Filter not found: check if there is a RefParameter without a condition.
2023-11-16 09:41:27,794 [WARN] IP:2114 - I2C_Coeff_DF not found: check if there is a RefParameter without a condition.
2023-11-16 09:41:27,794 [WARN] IP:2114 - Analog_Filter not found: check if there is a RefParameter without a condition.
2023-11-16 09:41:32,581 [INFO] UtilMem:75 - End SaveConfig() Used Memory: 695599568 Bytes (796917760)
2023-11-16 09:41:32,695 [INFO] UtilMem:75 - End SaveConfig() Used Memory: 315165120 Bytes (796917760)
2023-11-16 09:41:33,207 [INFO] UtilMem:75 - End SaveConfig() Used Memory: 265454400 Bytes (796917760)
2023-11-16 09:41:33,690 [INFO] BlockDiagram:2759 - set Specific Code input for plugin: NVIC
2023-11-16 09:41:33,690 [INFO] BlockDiagram:2759 - set Specific Code input for plugin: USART
2023-11-16 09:41:33,690 [INFO] BlockDiagram:2759 - set Specific Code input for plugin: SYS
2023-11-16 09:41:33,691 [INFO] BlockDiagram:2759 - set Specific Code input for plugin: GPIO
2023-11-16 09:41:33,691 [INFO] BlockDiagram:2759 - set Specific Code input for plugin: RCC
2023-11-16 09:41:33,691 [INFO] BlockDiagram:2759 - set Specific Code input for plugin: I2C
2023-11-16 09:41:33,692 [INFO] CodeGenerator:799 - code generatio: config db path: C:\ST\STM32CubeIDE_1.13.2\STM32CubeIDE\plugins\com.st.stm32cube.common.mx_6.9.2.202309101412\\db\
2023-11-16 09:41:33,697 [WARN] IP:2114 - I2C_Coeff_DF not found: check if there is a RefParameter without a condition.
2023-11-16 09:41:33,697 [WARN] IP:2114 - Analog_Filter not found: check if there is a RefParameter without a condition.
2023-11-16 09:41:34,103 [INFO] CodeEngine:255 - oldGeneratedFile, C:\Users\agusg\STM32CubeIDE\workspace_1.13.2\scaner_i2c\MXTmpFiles\license.tmp_save
2023-11-16 09:41:34,375 [INFO] CodeEngine:279 - Generated code: C:\Users\agusg\STM32CubeIDE\workspace_1.13.2\scaner_i2c\MXTmpFiles\license.tmp
2023-11-16 09:41:34,520 [INFO] CodeEngine:255 - oldGeneratedFile, C:\Users\agusg\STM32CubeIDE\workspace_1.13.2\scaner_i2c\MXTmpFiles\gpio.tmp_save
2023-11-16 09:41:34,678 [INFO] CodeEngine:279 - Generated code: C:\Users\agusg\STM32CubeIDE\workspace_1.13.2\scaner_i2c\MXTmpFiles\gpio.tmp
2023-11-16 09:41:34,878 [INFO] CodeEngine:255 - oldGeneratedFile, C:\Users\agusg\STM32CubeIDE\workspace_1.13.2\scaner_i2c\Core\Src\stm32f1xx_it.c_save
2023-11-16 09:41:35,169 [INFO] CodeEngine:279 - Generated code: C:\Users\agusg\STM32CubeIDE\workspace_1.13.2\scaner_i2c\Core\Src\stm32f1xx_it.c
2023-11-16 09:41:35,197 [INFO] CodeEngine:255 - oldGeneratedFile, C:\Users\agusg\STM32CubeIDE\workspace_1.13.2\scaner_i2c\Core\Inc\stm32f1xx_it.h_save
2023-11-16 09:41:35,345 [INFO] CodeEngine:279 - Generated code: C:\Users\agusg\STM32CubeIDE\workspace_1.13.2\scaner_i2c\Core\Inc\stm32f1xx_it.h
2023-11-16 09:41:35,387 [INFO] CodeEngine:255 - oldGeneratedFile, C:\Users\agusg\STM32CubeIDE\workspace_1.13.2\scaner_i2c\Core\Src\stm32f1xx_hal_msp.c_save
2023-11-16 09:41:35,560 [INFO] CodeEngine:279 - Generated code: C:\Users\agusg\STM32CubeIDE\workspace_1.13.2\scaner_i2c\Core\Src\stm32f1xx_hal_msp.c
2023-11-16 09:41:35,575 [INFO] CodeEngine:255 - oldGeneratedFile, C:\Users\agusg\STM32CubeIDE\workspace_1.13.2\scaner_i2c\MXTmpFiles\system.tmp_save
2023-11-16 09:41:35,666 [INFO] CodeEngine:279 - Generated code: C:\Users\agusg\STM32CubeIDE\workspace_1.13.2\scaner_i2c\MXTmpFiles\system.tmp
2023-11-16 09:41:35,704 [INFO] CodeEngine:311 - oldGeneratedFile, C:\Users\agusg\STM32CubeIDE\workspace_1.13.2\scaner_i2c\Core\Inc\stm32f1xx_hal_conf.h_save
2023-11-16 09:41:35,854 [INFO] CodeEngine:335 - Generated code: C:\Users\agusg\STM32CubeIDE\workspace_1.13.2\scaner_i2c\Core\Inc\stm32f1xx_hal_conf.h
2023-11-16 09:41:35,914 [INFO] CodeEngine:255 - oldGeneratedFile, C:\Users\agusg\STM32CubeIDE\workspace_1.13.2\scaner_i2c\Core\Inc\main.h_save
2023-11-16 09:41:36,420 [INFO] CodeEngine:279 - Generated code: C:\Users\agusg\STM32CubeIDE\workspace_1.13.2\scaner_i2c\Core\Inc\main.h
2023-11-16 09:41:36,449 [INFO] CodeEngine:255 - oldGeneratedFile, C:\Users\agusg\STM32CubeIDE\workspace_1.13.2\scaner_i2c\Core\Src\main.c_save
2023-11-16 09:41:36,625 [INFO] CodeEngine:279 - Generated code: C:\Users\agusg\STM32CubeIDE\workspace_1.13.2\scaner_i2c\Core\Src\main.c
2023-11-16 09:41:37,501 [INFO] ProjectBuilder:3064 - Time for Copy HAL[1] : 294mS.
2023-11-16 09:41:37,506 [INFO] ProjectBuilder:4404 - Project Generator version: 4.1.0
2023-11-16 09:41:37,804 [INFO] ConfigFileManager:1457 - The Die is : DIE410
2023-11-16 09:41:37,821 [INFO] ApiDbMcu:507 - Load IP Config File for FATFS
2023-11-16 09:41:37,840 [INFO] ApiDbMcu:507 - Load IP Config File for FREERTOS
2023-11-16 09:41:37,859 [INFO] ApiDbMcu:507 - Load IP Config File for USB_DEVICE
2023-11-16 09:41:43,737 [INFO] ProjectBuilder:4626 - Time for Generating toolchain IDE Files: 6231mS.
2023-11-16 09:41:43,739 [INFO] ProjectBuilder:2935 - Time for Copy CMSIS : 1mS.
2023-11-16 09:41:43,751 [INFO] ProjectBuilder:2935 - Time for Copy CMSIS : 0mS.
2023-11-16 09:41:51,253 [WARN] IP:2114 - I2C_Coeff_DF not found: check if there is a RefParameter without a condition.
2023-11-16 09:41:51,253 [WARN] IP:2114 - Analog_Filter not found: check if there is a RefParameter without a condition.
2023-11-16 09:41:51,254 [WARN] IP:2114 - I2C_Coeff_DF not found: check if there is a RefParameter without a condition.
2023-11-16 09:41:51,254 [WARN] IP:2114 - Analog_Filter not found: check if there is a RefParameter without a condition.
2023-11-16 09:42:29,005 [WARN] IP:2114 - I2C_Coeff_DF not found: check if there is a RefParameter without a condition.
2023-11-16 09:42:29,005 [WARN] IP:2114 - Analog_Filter not found: check if there is a RefParameter without a condition.
